<?xml version="1.0" encoding="UTF-8" ?>
<testsuite failures="0" time="4.588" errors="0" skipped="0" tests="5" name="com.obomprogramador.discoarq.microblog.daotests.TestDaoInsert">
  <properties>
[...]
</properties>
  <testcase time="0.108" classname="com.obomprogramador.discoarq.microblog.daotests.TestDaoInsert" name="testAddUser"/>
  <testcase time="0.085" classname="com.obomprogramador.discoarq.microblog.daotests.TestDaoInsert" name="testAddFollowing"/>
  <testcase time="0.034" classname="com.obomprogramador.discoarq.microblog.daotests.TestDaoInsert" name="testPostMessage"/>
  <testcase time="0.039" classname="com.obomprogramador.discoarq.microblog.daotests.TestDaoInsert" name="testAbandon"/>
  <testcase time="0.02" classname="com.obomprogramador.discoarq.microblog.daotests.TestDaoInsert" name="testNewSession"/>
</testsuite>